android/app/build/outputs/mapping/release/mapping.txt
# compiler: R8
# compiler_version: 1.5.69
# min_api: 18
# pg_map_id: 84b10d8
...
com.facebook.react.views.textinput.ReactTextInputFocusEvent -> com.facebook.react.views.textinput.ReactTextInputFocusEvent:
    21:21:void <init>(int) -> <init>
    36:36:void dispatch(com.facebook.react.uimanager.events.RCTEventEmitter) -> dispatch
    40:41:com.facebook.react.bridge.WritableMap serializeEventData() -> serializeEventData
com.facebook.react.views.textinput.ReactTextInputKeyPressEvent -> com.facebook.react.views.textinput.ReactTextInputKeyPressEvent:
    23:24:void <init>(int,java.lang.String) -> <init>
    40:40:void dispatch(com.facebook.react.uimanager.events.RCTEventEmitter) -> dispatch
    44:45:com.facebook.react.bridge.WritableMap serializeEventData() -> serializeEventData
com.facebook.react.views.textinput.ReactTextInputLocalData -> com.facebook.react.views.textinput.ReactTextInputLocalData:
    26:37:void <init>(android.widget.EditText) -> <init>
    42:49:void apply(android.widget.EditText) -> apply
com.facebook.react.views.textinput.ReactTextInputManager -> com.facebook.react.views.textinput.ReactTextInputManager:
    77:110:void <clinit>() -> <clinit>
    73:73:void <init>() -> <init>
    72:72:void addEventEmitters(com.facebook.react.uimanager.ThemedReactContext,android.view.View) -> addEventEmitters
    990:1008:void addEventEmitters(com.facebook.react.uimanager.ThemedReactContext,com.facebook.react.views.textinput.ReactEditText) -> addEventEmitters
    835:838:void checkPasswordType(com.facebook.react.views.textinput.ReactEditText) -> checkPasswordType
    72:72:com.facebook.react.uimanager.ReactShadowNode createShadowNodeInstance() -> createShadowNodeInstance
    129:129:com.facebook.react.uimanager.LayoutShadowNode createShadowNodeInstance() -> createShadowNodeInstance
    72:72:android.view.View createViewInstance(com.facebook.react.uimanager.ThemedReactContext) -> createViewInstance
    120:123:com.facebook.react.views.textinput.ReactEditText createViewInstance(com.facebook.react.uimanager.ThemedReactContext) -> createViewInstance
    186:186:java.util.Map getCommandsMap() -> getCommandsMap
    140:171:java.util.Map getExportedCustomBubblingEventTypeConstants() -> getExportedCustomBubblingEventTypeConstants
    177:181:java.util.Map getExportedCustomDirectEventTypeConstants() -> getExportedCustomDirectEventTypeConstants
    1177:1173:java.util.Map getExportedViewConstants() -> getExportedViewConstants
com.facebook.react.views.textinput.ReactTextInputManager$1 -> com.facebook.react.views.textinput.ReactTextInputManager$1:
    475:475:void <init>(com.facebook.react.views.textinput.ReactTextInputManager,boolean) -> <init>
    477:477:boolean onLongClick(android.view.View) -> onLongClick
com.facebook.react.views.textinput.ReactTextInputManager$2 -> com.facebook.react.views.textinput.ReactTextInputManager$2:
    992:992:void <init>(com.facebook.react.views.textinput.ReactTextInputManager,com.facebook.react.uimanager.ThemedReactContext,com.facebook.react.views.textinput.ReactEditText) -> <init>
    994:1001:void onFocusChange(android.view.View,boolean) -> onFocusChange
com.facebook.react.views.textinput.ReactTextInputManager$3 -> com.facebook.react.views.textinput.ReactTextInputManager$3:
    1009:1009:void <init>(com.facebook.react.views.textinput.ReactTextInputManager,com.facebook.react.views.textinput.ReactEditText,com.facebook.react.uimanager.ThemedReactContext) -> <init>
    1013:1033:boolean onEditorAction(android.widget.TextView,int,android.view.KeyEvent) -> onEditorAction
com.facebook.react.views.textinput.ReactTextInputManager$ReactContentSizeWatcher -> com.facebook.react.views.textinput.ReactTextInputManager$ReactContentSizeWatcher:
    1064:1067:void <init>(com.facebook.react.views.textinput.ReactTextInputManager,com.facebook.react.views.textinput.ReactEditText) -> <init>
    1072:1091:void onLayout() -> onLayout